This file contains any messages produced by compilers while
running configure, to aid debugging if configure makes a mistake.

It was created by configure, which was
generated by GNU Autoconf 2.63.  Invocation command line was

  $ ./configure 

## --------- ##
## Platform. ##
## --------- ##

hostname = 643edb34ea45
uname -m = x86_64
uname -r = 4.19.121-linuxkit
uname -s = Linux
uname -v = #1 SMP Tue Dec 1 17:50:32 UTC 2020

/usr/bin/uname -p = x86_64
/bin/uname -X     = unknown

/bin/arch              = x86_64
/usr/bin/arch -k       = unknown
/usr/convex/getsysinfo = unknown
/usr/bin/hostinfo      = unknown
/bin/machine           = unknown
/usr/bin/oslevel       = unknown
/bin/universe          = unknown

PATH: /usr/local/sbin
PATH: /usr/local/bin
PATH: /usr/sbin
PATH: /usr/bin
PATH: /sbin
PATH: /bin


## ----------- ##
## Core tests. ##
## ----------- ##

configure:2138: checking for a BSD-compatible install
configure:2206: result: /usr/bin/install -c
configure:2217: checking whether build environment is sane
configure:2260: result: yes
configure:2322: checking for gawk
configure:2352: result: no
configure:2322: checking for mawk
configure:2338: found /usr/bin/mawk
configure:2349: result: mawk
configure:2360: checking whether make sets $(MAKE)
configure:2382: result: yes
configure:2573: checking whether to enable maintainer-specific portions of Makefiles
configure:2582: result: no
configure:2608: checking whether CFLAGS is set
configure:2619: result: no
configure:2634: checking if PKG_CONFIG_PATH needs to be extended for bundled packages
configure:2643: result: no
configure:2730: checking for style of include used by make
configure:2758: result: GNU
configure:2831: checking for gcc
configure:2847: found /usr/bin/gcc
configure:2858: result: gcc
configure:3090: checking for C compiler version
configure:3098: gcc --version >&5
gcc (Ubuntu 9.3.0-17ubuntu1~20.04) 9.3.0
Copyright (C) 2019 Free Software Foundation, Inc.
This is free software; see the source for copying conditions.  There is NO
warranty; not even for MERCHANTABILITY or FITNESS FOR A PARTICULAR PURPOSE.

configure:3102: $? = 0
configure:3109: gcc -v >&5
Using built-in specs.
COLLECT_GCC=gcc
COLLECT_LTO_WRAPPER=/usr/lib/gcc/x86_64-linux-gnu/9/lto-wrapper
OFFLOAD_TARGET_NAMES=nvptx-none:hsa
OFFLOAD_TARGET_DEFAULT=1
Target: x86_64-linux-gnu
Configured with: ../src/configure -v --with-pkgversion='Ubuntu 9.3.0-17ubuntu1~20.04' --with-bugurl=file:///usr/share/doc/gcc-9/README.Bugs --enable-languages=c,ada,c++,go,brig,d,fortran,objc,obj-c++,gm2 --prefix=/usr --with-gcc-major-version-only --program-suffix=-9 --program-prefix=x86_64-linux-gnu- --enable-shared --enable-linker-build-id --libexecdir=/usr/lib --without-included-gettext --enable-threads=posix --libdir=/usr/lib --enable-nls --enable-clocale=gnu --enable-libstdcxx-debug --enable-libstdcxx-time=yes --with-default-libstdcxx-abi=new --enable-gnu-unique-object --disable-vtable-verify --enable-plugin --enable-default-pie --with-system-zlib --with-target-system-zlib=auto --enable-objc-gc=auto --enable-multiarch --disable-werror --with-arch-32=i686 --with-abi=m64 --with-multilib-list=m32,m64,mx32 --enable-multilib --with-tune=generic --enable-offload-targets=nvptx-none=/build/gcc-9-HskZEa/gcc-9-9.3.0/debian/tmp-nvptx/usr,hsa --without-cuda-driver --enable-checking=release --build=x86_64-linux-gnu --host=x86_64-linux-gnu --target=x86_64-linux-gnu
Thread model: posix
gcc version 9.3.0 (Ubuntu 9.3.0-17ubuntu1~20.04) 
configure:3113: $? = 0
configure:3120: gcc -V >&5
gcc: error: unrecognized command line option '-V'
gcc: fatal error: no input files
compilation terminated.
configure:3124: $? = 1
configure:3147: checking for C compiler default output file name
configure:3169: gcc    conftest.c  >&5
configure:3173: $? = 0
configure:3211: result: a.out
configure:3230: checking whether the C compiler works
configure:3240: ./a.out
configure:3244: $? = 0
configure:3263: result: yes
configure:3270: checking whether we are cross compiling
configure:3272: result: no
configure:3275: checking for suffix of executables
configure:3282: gcc -o conftest    conftest.c  >&5
configure:3286: $? = 0
configure:3312: result: 
configure:3318: checking for suffix of object files
configure:3344: gcc -c   conftest.c >&5
configure:3348: $? = 0
configure:3373: result: o
configure:3377: checking whether we are using the GNU C compiler
configure:3406: gcc -c   conftest.c >&5
configure:3413: $? = 0
configure:3430: result: yes
configure:3439: checking whether gcc accepts -g
configure:3469: gcc -c -g  conftest.c >&5
configure:3476: $? = 0
configure:3577: result: yes
configure:3594: checking for gcc option to accept ISO C89
configure:3668: gcc  -c -g -O2  conftest.c >&5
configure:3675: $? = 0
configure:3698: result: none needed
configure:3718: checking dependency style of gcc
configure:3808: result: gcc3
configure:3831: checking how to run the C preprocessor
configure:3871: gcc -E  conftest.c
configure:3878: $? = 0
configure:3909: gcc -E  conftest.c
conftest.c:10:10: fatal error: ac_nonexistent.h: No such file or directory
   10 | #include <ac_nonexistent.h>
      |          ^~~~~~~~~~~~~~~~~~
compilation terminated.
configure:3916: $? = 1
configure: failed program was:
| /* confdefs.h.  */
| #define PACKAGE_NAME ""
| #define PACKAGE_TARNAME ""
| #define PACKAGE_VERSION ""
| #define PACKAGE_STRING ""
| #define PACKAGE_BUGREPORT ""
| #define PACKAGE "aterm"
| #define VERSION "2.6"
| /* end confdefs.h.  */
| #include <ac_nonexistent.h>
configure:3949: result: gcc -E
configure:3978: gcc -E  conftest.c
configure:3985: $? = 0
configure:4016: gcc -E  conftest.c
conftest.c:10:10: fatal error: ac_nonexistent.h: No such file or directory
   10 | #include <ac_nonexistent.h>
      |          ^~~~~~~~~~~~~~~~~~
compilation terminated.
configure:4023: $? = 1
configure: failed program was:
| /* confdefs.h.  */
| #define PACKAGE_NAME ""
| #define PACKAGE_TARNAME ""
| #define PACKAGE_VERSION ""
| #define PACKAGE_STRING ""
| #define PACKAGE_BUGREPORT ""
| #define PACKAGE "aterm"
| #define VERSION "2.6"
| /* end confdefs.h.  */
| #include <ac_nonexistent.h>
configure:4063: checking for grep that handles long lines and -e
configure:4123: result: /usr/bin/grep
configure:4128: checking for egrep
configure:4192: result: /usr/bin/grep -E
configure:4197: checking for ANSI C header files
configure:4227: gcc -c -g -O2  conftest.c >&5
configure:4234: $? = 0
configure:4333: gcc -o conftest -g -O2   conftest.c  >&5
configure:4337: $? = 0
configure:4343: ./conftest
configure:4347: $? = 0
configure:4365: result: yes
configure:4389: checking for sys/types.h
configure:4410: gcc -c -g -O2  conftest.c >&5
configure:4417: $? = 0
configure:4434: result: yes
configure:4389: checking for sys/stat.h
configure:4410: gcc -c -g -O2  conftest.c >&5
configure:4417: $? = 0
configure:4434: result: yes
configure:4389: checking for stdlib.h
configure:4410: gcc -c -g -O2  conftest.c >&5
configure:4417: $? = 0
configure:4434: result: yes
configure:4389: checking for string.h
configure:4410: gcc -c -g -O2  conftest.c >&5
configure:4417: $? = 0
configure:4434: result: yes
configure:4389: checking for memory.h
configure:4410: gcc -c -g -O2  conftest.c >&5
configure:4417: $? = 0
configure:4434: result: yes
configure:4389: checking for strings.h
configure:4410: gcc -c -g -O2  conftest.c >&5
configure:4417: $? = 0
configure:4434: result: yes
configure:4389: checking for inttypes.h
configure:4410: gcc -c -g -O2  conftest.c >&5
configure:4417: $? = 0
configure:4434: result: yes
configure:4389: checking for stdint.h
configure:4410: gcc -c -g -O2  conftest.c >&5
configure:4417: $? = 0
configure:4434: result: yes
configure:4389: checking for unistd.h
configure:4410: gcc -c -g -O2  conftest.c >&5
configure:4417: $? = 0
configure:4434: result: yes
configure:4526: checking build system type
configure:4544: result: x86_64-unknown-linux-gnu
configure:4566: checking host system type
configure:4581: result: x86_64-unknown-linux-gnu
configure:4603: checking for a sed that does not truncate output
configure:4659: result: /usr/bin/sed
configure:4673: checking for ld used by gcc
configure:4740: result: /usr/bin/ld
configure:4749: checking if the linker (/usr/bin/ld) is GNU ld
configure:4764: result: yes
configure:4769: checking for /usr/bin/ld option to reload object files
configure:4776: result: -r
configure:4794: checking for BSD-compatible nm
configure:4843: result: /usr/bin/nm -B
configure:4847: checking whether ln -s works
configure:4851: result: yes
configure:4858: checking how to recognize dependent libraries
configure:5044: result: pass_all
configure:5132: gcc -c -g -O2  conftest.c >&5
configure:5135: $? = 0
configure:5581: checking dlfcn.h usability
configure:5598: gcc -c -g -O2  conftest.c >&5
configure:5605: $? = 0
configure:5619: result: yes
configure:5623: checking dlfcn.h presence
configure:5638: gcc -E  conftest.c
configure:5645: $? = 0
configure:5659: result: yes
configure:5687: checking for dlfcn.h
configure:5696: result: yes
configure:5769: checking for g++
configure:5785: found /usr/bin/g++
configure:5796: result: g++
configure:5823: checking for C++ compiler version
configure:5831: g++ --version >&5
g++ (Ubuntu 9.3.0-17ubuntu1~20.04) 9.3.0
Copyright (C) 2019 Free Software Foundation, Inc.
This is free software; see the source for copying conditions.  There is NO
warranty; not even for MERCHANTABILITY or FITNESS FOR A PARTICULAR PURPOSE.

configure:5835: $? = 0
configure:5842: g++ -v >&5
Using built-in specs.
COLLECT_GCC=g++
COLLECT_LTO_WRAPPER=/usr/lib/gcc/x86_64-linux-gnu/9/lto-wrapper
OFFLOAD_TARGET_NAMES=nvptx-none:hsa
OFFLOAD_TARGET_DEFAULT=1
Target: x86_64-linux-gnu
Configured with: ../src/configure -v --with-pkgversion='Ubuntu 9.3.0-17ubuntu1~20.04' --with-bugurl=file:///usr/share/doc/gcc-9/README.Bugs --enable-languages=c,ada,c++,go,brig,d,fortran,objc,obj-c++,gm2 --prefix=/usr --with-gcc-major-version-only --program-suffix=-9 --program-prefix=x86_64-linux-gnu- --enable-shared --enable-linker-build-id --libexecdir=/usr/lib --without-included-gettext --enable-threads=posix --libdir=/usr/lib --enable-nls --enable-clocale=gnu --enable-libstdcxx-debug --enable-libstdcxx-time=yes --with-default-libstdcxx-abi=new --enable-gnu-unique-object --disable-vtable-verify --enable-plugin --enable-default-pie --with-system-zlib --with-target-system-zlib=auto --enable-objc-gc=auto --enable-multiarch --disable-werror --with-arch-32=i686 --with-abi=m64 --with-multilib-list=m32,m64,mx32 --enable-multilib --with-tune=generic --enable-offload-targets=nvptx-none=/build/gcc-9-HskZEa/gcc-9-9.3.0/debian/tmp-nvptx/usr,hsa --without-cuda-driver --enable-checking=release --build=x86_64-linux-gnu --host=x86_64-linux-gnu --target=x86_64-linux-gnu
Thread model: posix
gcc version 9.3.0 (Ubuntu 9.3.0-17ubuntu1~20.04) 
configure:5846: $? = 0
configure:5853: g++ -V >&5
g++: error: unrecognized command line option '-V'
g++: fatal error: no input files
compilation terminated.
configure:5857: $? = 1
configure:5860: checking whether we are using the GNU C++ compiler
configure:5889: g++ -c   conftest.cpp >&5
configure:5896: $? = 0
configure:5913: result: yes
configure:5922: checking whether g++ accepts -g
configure:5952: g++ -c -g  conftest.cpp >&5
configure:5959: $? = 0
configure:6060: result: yes
configure:6085: checking dependency style of g++
configure:6175: result: gcc3
configure:6202: checking how to run the C++ preprocessor
configure:6238: g++ -E  conftest.cpp
configure:6245: $? = 0
configure:6276: g++ -E  conftest.cpp
conftest.cpp:21:10: fatal error: ac_nonexistent.h: No such file or directory
   21 | #include <ac_nonexistent.h>
      |          ^~~~~~~~~~~~~~~~~~
compilation terminated.
configure:6283: $? = 1
configure: failed program was:
| /* confdefs.h.  */
| #define PACKAGE_NAME ""
| #define PACKAGE_TARNAME ""
| #define PACKAGE_VERSION ""
| #define PACKAGE_STRING ""
| #define PACKAGE_BUGREPORT ""
| #define PACKAGE "aterm"
| #define VERSION "2.6"
| #define STDC_HEADERS 1
| #define HAVE_SYS_TYPES_H 1
| #define HAVE_SYS_STAT_H 1
| #define HAVE_STDLIB_H 1
| #define HAVE_STRING_H 1
| #define HAVE_MEMORY_H 1
| #define HAVE_STRINGS_H 1
| #define HAVE_INTTYPES_H 1
| #define HAVE_STDINT_H 1
| #define HAVE_UNISTD_H 1
| #define HAVE_DLFCN_H 1
| /* end confdefs.h.  */
| #include <ac_nonexistent.h>
configure:6316: result: g++ -E
configure:6345: g++ -E  conftest.cpp
configure:6352: $? = 0
configure:6383: g++ -E  conftest.cpp
conftest.cpp:21:10: fatal error: ac_nonexistent.h: No such file or directory
   21 | #include <ac_nonexistent.h>
      |          ^~~~~~~~~~~~~~~~~~
compilation terminated.
configure:6390: $? = 1
configure: failed program was:
| /* confdefs.h.  */
| #define PACKAGE_NAME ""
| #define PACKAGE_TARNAME ""
| #define PACKAGE_VERSION ""
| #define PACKAGE_STRING ""
| #define PACKAGE_BUGREPORT ""
| #define PACKAGE "aterm"
| #define VERSION "2.6"
| #define STDC_HEADERS 1
| #define HAVE_SYS_TYPES_H 1
| #define HAVE_SYS_STAT_H 1
| #define HAVE_STDLIB_H 1
| #define HAVE_STRING_H 1
| #define HAVE_MEMORY_H 1
| #define HAVE_STRINGS_H 1
| #define HAVE_INTTYPES_H 1
| #define HAVE_STDINT_H 1
| #define HAVE_UNISTD_H 1
| #define HAVE_DLFCN_H 1
| /* end confdefs.h.  */
| #include <ac_nonexistent.h>
configure:6485: checking for g77
configure:6515: result: no
configure:6485: checking for xlf
configure:6515: result: no
configure:6485: checking for f77
configure:6515: result: no
configure:6485: checking for frt
configure:6515: result: no
configure:6485: checking for pgf77
configure:6515: result: no
configure:6485: checking for cf77
configure:6515: result: no
configure:6485: checking for fort77
configure:6515: result: no
configure:6485: checking for fl32
configure:6515: result: no
configure:6485: checking for af77
configure:6515: result: no
configure:6485: checking for xlf90
configure:6515: result: no
configure:6485: checking for f90
configure:6515: result: no
configure:6485: checking for pgf90
configure:6515: result: no
configure:6485: checking for pghpf
configure:6515: result: no
configure:6485: checking for epcf90
configure:6515: result: no
configure:6485: checking for gfortran
configure:6515: result: no
configure:6485: checking for g95
configure:6515: result: no
configure:6485: checking for xlf95
configure:6515: result: no
configure:6485: checking for f95
configure:6515: result: no
configure:6485: checking for fort
configure:6515: result: no
configure:6485: checking for ifort
configure:6515: result: no
configure:6485: checking for ifc
configure:6515: result: no
configure:6485: checking for efc
configure:6515: result: no
configure:6485: checking for pgf95
configure:6515: result: no
configure:6485: checking for lf95
configure:6515: result: no
configure:6485: checking for ftn
configure:6515: result: no
configure:6538: checking for Fortran 77 compiler version
configure:6546:  --version >&5
./configure: line 6548: --version: command not found
configure:6550: $? = 127
configure:6557:  -v >&5
./configure: line 6559: -v: command not found
configure:6561: $? = 127
configure:6568:  -V >&5
./configure: line 6570: -V: command not found
configure:6572: $? = 127
configure:6580: checking whether we are using the GNU Fortran 77 compiler
configure:6599:  -c  conftest.F >&5
./configure: line 6601: -c: command not found
configure:6606: $? = 127
configure: failed program was:
|       program main
| #ifndef __GNUC__
|        choke me
| #endif
| 
|       end
configure:6623: result: no
configure:6629: checking whether  accepts -g
configure:6646:  -c -g conftest.f >&5
./configure: line 6648: -c: command not found
configure:6653: $? = 127
configure: failed program was:
|       program main
| 
|       end
configure:6669: result: no
configure:6702: checking the maximum length of command line arguments
configure:6814: result: 1572864
configure:6826: checking command to parse /usr/bin/nm -B output from gcc object
configure:6931: gcc -c -g -O2  conftest.c >&5
configure:6934: $? = 0
configure:6938: /usr/bin/nm -B conftest.o \| sed -n -e 's/^.*[ 	]\([ABCDGIRSTW][ABCDGIRSTW]*\)[ 	][ 	]*\([_A-Za-z][_A-Za-z0-9]*\)$/\1 \2 \2/p' \> conftest.nm
configure:6941: $? = 0
configure:6993: gcc -o conftest -g -O2   conftest.c conftstm.o >&5
configure:6996: $? = 0
configure:7034: result: ok
configure:7038: checking for objdir
configure:7053: result: .libs
configure:7145: checking for ar
configure:7161: found /usr/bin/ar
configure:7172: result: ar
configure:7237: checking for ranlib
configure:7253: found /usr/bin/ranlib
configure:7264: result: ranlib
configure:7329: checking for strip
configure:7345: found /usr/bin/strip
configure:7356: result: strip
configure:7946: checking if gcc supports -fno-rtti -fno-exceptions
configure:7974: gcc -c -g -O2  -fno-rtti -fno-exceptions conftest.c >&5
cc1: warning: command line option '-fno-rtti' is valid for C++/D/ObjC++ but not for C
configure:7978: $? = 0
configure:7981: result: no
configure:7971: checking for gcc option to produce PIC
configure:8203: result: -fPIC
configure:8211: checking if gcc PIC flag -fPIC works
configure:8264: gcc -c -g -O2  -fPIC -DPIC conftest.c >&5
configure:8268: $? = 0
configure:8246: result: yes
configure:8245: checking if gcc static flag -static works
configure:8273: result: yes
configure:8283: checking if gcc supports -c -o file.o
configure:8368: gcc -c -g -O2  -o out/conftest2.o conftest.c >&5
configure:8372: $? = 0
configure:8306: result: yes
configure:8332: checking whether the gcc linker (/usr/bin/ld) supports shared libraries
configure:9320: result: yes
configure:9341: checking whether -lc should be explicitly linked in
configure:9346: gcc -c -g -O2  conftest.c >&5
configure:9349: $? = 0
configure:9364: gcc -shared conftest.o  -v -Wl,-soname -Wl,conftest -o conftest 2\>\&1 \| grep  -lc  \>/dev/null 2\>\&1
configure:9367: $? = 0
configure:9379: result: no
configure:9387: checking dynamic linker characteristics
configure:9989: result: GNU/Linux ld.so
configure:10013: checking how to hardcode library paths into programs
configure:10038: result: immediate
configure:10052: checking whether stripping libraries is possible
configure:10057: result: yes
configure:10887: checking if libtool supports shared libraries
configure:10889: result: yes
configure:10892: checking whether to build shared libraries
configure:10913: result: yes
configure:10916: checking whether to build static libraries
configure:10920: result: yes
configure:11014: creating libtool
configure:11607: checking for ld used by g++
configure:11674: result: /usr/bin/ld
configure:11683: checking if the linker (/usr/bin/ld) is GNU ld
configure:11698: result: yes
configure:11749: checking whether the g++ linker (/usr/bin/ld) supports shared libraries
configure:12703: result: yes
configure:12720: g++ -c -g -O2  conftest.cpp >&5
configure:12723: $? = 0
configure:12879: checking for g++ option to produce PIC
configure:13163: result: -fPIC
configure:13171: checking if g++ PIC flag -fPIC works
configure:13277: g++ -c -g -O2  -fPIC -DPIC conftest.cpp >&5
configure:13281: $? = 0
configure:13206: result: yes
configure:13234: checking if g++ static flag -static works
configure:13262: result: yes
configure:13272: checking if g++ supports -c -o file.o
configure:13381: g++ -c -g -O2  -o out/conftest2.o conftest.cpp >&5
configure:13385: $? = 0
configure:13319: result: yes
configure:13345: checking whether the g++ linker (/usr/bin/ld) supports shared libraries
configure:13371: result: yes
configure:13438: checking dynamic linker characteristics
configure:13988: result: GNU/Linux ld.so
configure:14012: checking how to hardcode library paths into programs
configure:14037: result: immediate
configure:20277: checking minix/config.h usability
configure:20294: gcc -c -g -O2  conftest.c >&5
conftest.c:54:10: fatal error: minix/config.h: No such file or directory
   54 | #include <minix/config.h>
      |          ^~~~~~~~~~~~~~~~
compilation terminated.
configure:20301: $? = 1
configure: failed program was:
| /* confdefs.h.  */
| #define PACKAGE_NAME ""
| #define PACKAGE_TARNAME ""
| #define PACKAGE_VERSION ""
| #define PACKAGE_STRING ""
| #define PACKAGE_BUGREPORT ""
| #define PACKAGE "aterm"
| #define VERSION "2.6"
| #define STDC_HEADERS 1
| #define HAVE_SYS_TYPES_H 1
| #define HAVE_SYS_STAT_H 1
| #define HAVE_STDLIB_H 1
| #define HAVE_STRING_H 1
| #define HAVE_MEMORY_H 1
| #define HAVE_STRINGS_H 1
| #define HAVE_INTTYPES_H 1
| #define HAVE_STDINT_H 1
| #define HAVE_UNISTD_H 1
| #define HAVE_DLFCN_H 1
| /* end confdefs.h.  */
| #include <stdio.h>
| #ifdef HAVE_SYS_TYPES_H
| # include <sys/types.h>
| #endif
| #ifdef HAVE_SYS_STAT_H
| # include <sys/stat.h>
| #endif
| #ifdef STDC_HEADERS
| # include <stdlib.h>
| # include <stddef.h>
| #else
| # ifdef HAVE_STDLIB_H
| #  include <stdlib.h>
| # endif
| #endif
| #ifdef HAVE_STRING_H
| # if !defined STDC_HEADERS && defined HAVE_MEMORY_H
| #  include <memory.h>
| # endif
| # include <string.h>
| #endif
| #ifdef HAVE_STRINGS_H
| # include <strings.h>
| #endif
| #ifdef HAVE_INTTYPES_H
| # include <inttypes.h>
| #endif
| #ifdef HAVE_STDINT_H
| # include <stdint.h>
| #endif
| #ifdef HAVE_UNISTD_H
| # include <unistd.h>
| #endif
| #include <minix/config.h>
configure:20315: result: no
configure:20319: checking minix/config.h presence
configure:20334: gcc -E  conftest.c
conftest.c:21:10: fatal error: minix/config.h: No such file or directory
   21 | #include <minix/config.h>
      |          ^~~~~~~~~~~~~~~~
compilation terminated.
configure:20341: $? = 1
configure: failed program was:
| /* confdefs.h.  */
| #define PACKAGE_NAME ""
| #define PACKAGE_TARNAME ""
| #define PACKAGE_VERSION ""
| #define PACKAGE_STRING ""
| #define PACKAGE_BUGREPORT ""
| #define PACKAGE "aterm"
| #define VERSION "2.6"
| #define STDC_HEADERS 1
| #define HAVE_SYS_TYPES_H 1
| #define HAVE_SYS_STAT_H 1
| #define HAVE_STDLIB_H 1
| #define HAVE_STRING_H 1
| #define HAVE_MEMORY_H 1
| #define HAVE_STRINGS_H 1
| #define HAVE_INTTYPES_H 1
| #define HAVE_STDINT_H 1
| #define HAVE_UNISTD_H 1
| #define HAVE_DLFCN_H 1
| /* end confdefs.h.  */
| #include <minix/config.h>
configure:20355: result: no
configure:20383: checking for minix/config.h
configure:20390: result: no
configure:20421: checking whether it is safe to define __EXTENSIONS__
configure:20449: gcc -c -g -O2  conftest.c >&5
configure:20456: $? = 0
configure:20471: result: yes
configure:20543: checking for gcc
configure:20570: result: gcc
configure:20802: checking for C compiler version
configure:20810: gcc --version >&5
gcc (Ubuntu 9.3.0-17ubuntu1~20.04) 9.3.0
Copyright (C) 2019 Free Software Foundation, Inc.
This is free software; see the source for copying conditions.  There is NO
warranty; not even for MERCHANTABILITY or FITNESS FOR A PARTICULAR PURPOSE.

configure:20814: $? = 0
configure:20821: gcc -v >&5
Using built-in specs.
COLLECT_GCC=gcc
COLLECT_LTO_WRAPPER=/usr/lib/gcc/x86_64-linux-gnu/9/lto-wrapper
OFFLOAD_TARGET_NAMES=nvptx-none:hsa
OFFLOAD_TARGET_DEFAULT=1
Target: x86_64-linux-gnu
Configured with: ../src/configure -v --with-pkgversion='Ubuntu 9.3.0-17ubuntu1~20.04' --with-bugurl=file:///usr/share/doc/gcc-9/README.Bugs --enable-languages=c,ada,c++,go,brig,d,fortran,objc,obj-c++,gm2 --prefix=/usr --with-gcc-major-version-only --program-suffix=-9 --program-prefix=x86_64-linux-gnu- --enable-shared --enable-linker-build-id --libexecdir=/usr/lib --without-included-gettext --enable-threads=posix --libdir=/usr/lib --enable-nls --enable-clocale=gnu --enable-libstdcxx-debug --enable-libstdcxx-time=yes --with-default-libstdcxx-abi=new --enable-gnu-unique-object --disable-vtable-verify --enable-plugin --enable-default-pie --with-system-zlib --with-target-system-zlib=auto --enable-objc-gc=auto --enable-multiarch --disable-werror --with-arch-32=i686 --with-abi=m64 --with-multilib-list=m32,m64,mx32 --enable-multilib --with-tune=generic --enable-offload-targets=nvptx-none=/build/gcc-9-HskZEa/gcc-9-9.3.0/debian/tmp-nvptx/usr,hsa --without-cuda-driver --enable-checking=release --build=x86_64-linux-gnu --host=x86_64-linux-gnu --target=x86_64-linux-gnu
Thread model: posix
gcc version 9.3.0 (Ubuntu 9.3.0-17ubuntu1~20.04) 
configure:20825: $? = 0
configure:20832: gcc -V >&5
gcc: error: unrecognized command line option '-V'
gcc: fatal error: no input files
compilation terminated.
configure:20836: $? = 1
configure:20839: checking whether we are using the GNU C compiler
configure:20892: result: yes
configure:20901: checking whether gcc accepts -g
configure:21039: result: yes
configure:21056: checking for gcc option to accept ISO C89
configure:21160: result: none needed
configure:21180: checking dependency style of gcc
configure:21270: result: gcc3
configure:21298: checking whether make sets $(MAKE)
configure:21320: result: yes
configure:21332: checking alignment of void *
configure:21661: gcc -o conftest -g -O2   conftest.c  >&5
configure:21665: $? = 0
configure:21671: ./conftest
configure:21675: $? = 0
configure:21701: result: 8
configure:21715: checking size of void *
configure:22020: gcc -o conftest -g -O2   conftest.c  >&5
configure:22024: $? = 0
configure:22030: ./conftest
configure:22034: $? = 0
configure:22060: result: 8
configure:22074: checking size of int
configure:22379: gcc -o conftest -g -O2   conftest.c  >&5
configure:22383: $? = 0
configure:22389: ./conftest
configure:22393: $? = 0
configure:22419: result: 4
configure:22433: checking size of long
configure:22738: gcc -o conftest -g -O2   conftest.c  >&5
configure:22742: $? = 0
configure:22748: ./conftest
configure:22752: $? = 0
configure:22778: result: 8
configure:22792: checking size of double
configure:23097: gcc -o conftest -g -O2   conftest.c  >&5
configure:23101: $? = 0
configure:23107: ./conftest
configure:23111: $? = 0
configure:23137: result: 8
configure:23154: checking whether byte ordering is bigendian
configure:23179: gcc -c -g -O2  conftest.c >&5
conftest.c:32:9: error: unknown type name 'not'
   32 |         not a universal capable compiler
      |         ^~~
conftest.c:32:15: error: expected '=', ',', ';', 'asm' or '__attribute__' before 'universal'
   32 |         not a universal capable compiler
      |               ^~~~~~~~~
conftest.c:32:15: error: unknown type name 'universal'
configure:23186: $? = 1
configure: failed program was:
| /* confdefs.h.  */
| #define PACKAGE_NAME ""
| #define PACKAGE_TARNAME ""
| #define PACKAGE_VERSION ""
| #define PACKAGE_STRING ""
| #define PACKAGE_BUGREPORT ""
| #define PACKAGE "aterm"
| #define VERSION "2.6"
| #define STDC_HEADERS 1
| #define HAVE_SYS_TYPES_H 1
| #define HAVE_SYS_STAT_H 1
| #define HAVE_STDLIB_H 1
| #define HAVE_STRING_H 1
| #define HAVE_MEMORY_H 1
| #define HAVE_STRINGS_H 1
| #define HAVE_INTTYPES_H 1
| #define HAVE_STDINT_H 1
| #define HAVE_UNISTD_H 1
| #define HAVE_DLFCN_H 1
| #define __EXTENSIONS__ 1
| #define _ALL_SOURCE 1
| #define _GNU_SOURCE 1
| #define _POSIX_PTHREAD_SEMANTICS 1
| #define _TANDEM_SOURCE 1
| #define ALIGNOF_VOID_P 8
| #define SIZEOF_VOID_P 8
| #define SIZEOF_INT 4
| #define SIZEOF_LONG 8
| #define SIZEOF_DOUBLE 8
| /* end confdefs.h.  */
| #ifndef __APPLE_CC__
| 	       not a universal capable compiler
| 	     #endif
| 	     typedef int dummy;
| 
configure:23236: gcc -c -g -O2  conftest.c >&5
configure:23243: $? = 0
configure:23275: gcc -c -g -O2  conftest.c >&5
conftest.c: In function 'main':
conftest.c:38:4: error: unknown type name 'not'; did you mean 'ino_t'?
   38 |    not big endian
      |    ^~~
      |    ino_t
conftest.c:38:12: error: expected '=', ',', ';', 'asm' or '__attribute__' before 'endian'
   38 |    not big endian
      |            ^~~~~~
configure:23282: $? = 1
configure: failed program was:
| /* confdefs.h.  */
| #define PACKAGE_NAME ""
| #define PACKAGE_TARNAME ""
| #define PACKAGE_VERSION ""
| #define PACKAGE_STRING ""
| #define PACKAGE_BUGREPORT ""
| #define PACKAGE "aterm"
| #define VERSION "2.6"
| #define STDC_HEADERS 1
| #define HAVE_SYS_TYPES_H 1
| #define HAVE_SYS_STAT_H 1
| #define HAVE_STDLIB_H 1
| #define HAVE_STRING_H 1
| #define HAVE_MEMORY_H 1
| #define HAVE_STRINGS_H 1
| #define HAVE_INTTYPES_H 1
| #define HAVE_STDINT_H 1
| #define HAVE_UNISTD_H 1
| #define HAVE_DLFCN_H 1
| #define __EXTENSIONS__ 1
| #define _ALL_SOURCE 1
| #define _GNU_SOURCE 1
| #define _POSIX_PTHREAD_SEMANTICS 1
| #define _TANDEM_SOURCE 1
| #define ALIGNOF_VOID_P 8
| #define SIZEOF_VOID_P 8
| #define SIZEOF_INT 4
| #define SIZEOF_LONG 8
| #define SIZEOF_DOUBLE 8
| /* end confdefs.h.  */
| #include <sys/types.h>
| 		#include <sys/param.h>
| 
| int
| main ()
| {
| #if BYTE_ORDER != BIG_ENDIAN
| 		 not big endian
| 		#endif
| 
|   ;
|   return 0;
| }
configure:23534: result: no
configure:23560: checking whether float word ordering is big endian
configure:23605: gcc -o conftest -g -O2   conftest.c  >&5
conftest.c:3:7: warning: return type defaults to 'int' [-Wimplicit-int]
    3 |       main(){
      |       ^~~~
configure:23609: $? = 0
configure:23615: ./conftest
configure:23619: $? = 1
configure: program exited with status 1
configure: failed program was:
| 
| 						/* This code returns 0 if the float word order is big endian and >= 1 if it is little endian. */
| 						main(){
| 							#ifdef WORDS_BIGENDIAN
| 								return 0; /* If the system's encoding is big endian, so is the float word order. NOTE: If the encoding is big endian and WORDS_BIGENDIAN isn't defined, the code below will still return the correct float word order (big). */
| 							#else
| 								union
| 								{
| 									double d;
| 									/* IEEE754 little endian encoded floating point number structure with little endian float word order. */
| 									struct{
| 										unsigned int mantissa1:32;
| 										unsigned int mantissa0:20;
| 										unsigned int exponent:11;
| 										unsigned int negative:1;
| 									} ieee;
| 								} u;
| 								u.d = -1;
| 								return (u.ieee.negative == 1);
| 							#endif
| 						}
| 
configure:23628: result: no
configure:23660: checking for strdup
configure:23716: gcc -o conftest -g -O2   conftest.c  >&5
conftest.c:54:6: warning: conflicting types for built-in function 'strdup'; expected 'char *(const char *)' [-Wbuiltin-declaration-mismatch]
   54 | char strdup ();
      |      ^~~~~~
configure:23723: $? = 0
configure:23745: result: yes
configure:23762: checking for lrand48
configure:23818: gcc -o conftest -g -O2   conftest.c  >&5
configure:23825: $? = 0
configure:23847: result: yes
configure:23762: checking for srand48
configure:23818: gcc -o conftest -g -O2   conftest.c  >&5
configure:23825: $? = 0
configure:23847: result: yes
configure:23862: checking alignment of void *
configure:24231: result: 8
configure:24245: checking size of void *
configure:24590: result: 8
configure:24604: checking size of int
configure:24949: result: 4
configure:24963: checking size of long
configure:25308: result: 8
configure:25322: checking size of double
configure:25667: result: 8
configure:25854: creating ./config.status

## ---------------------- ##
## Running config.status. ##
## ---------------------- ##

This file was extended by config.status, which was
generated by GNU Autoconf 2.63.  Invocation command line was

  CONFIG_FILES    = 
  CONFIG_HEADERS  = 
  CONFIG_LINKS    = 
  CONFIG_COMMANDS = 
  $ ./config.status 

on 643edb34ea45

config.status:729: creating aterm.pc
config.status:729: creating ./Makefile
config.status:729: creating ./aterm/Makefile
config.status:729: creating ./test/Makefile
config.status:729: creating ./utils/Makefile
config.status:729: creating aterm.spec
config.status:934: executing depfiles commands

## ---------------- ##
## Cache variables. ##
## ---------------- ##

ac_cv_alignof_void_p=8
ac_cv_build=x86_64-unknown-linux-gnu
ac_cv_c_bigendian=no
ac_cv_c_compiler_gnu=yes
ac_cv_cxx_compiler_gnu=yes
ac_cv_env_CCC_set=
ac_cv_env_CCC_value=
ac_cv_env_CC_set=
ac_cv_env_CC_value=
ac_cv_env_CFLAGS_set=
ac_cv_env_CFLAGS_value=
ac_cv_env_CPPFLAGS_set=
ac_cv_env_CPPFLAGS_value=
ac_cv_env_CPP_set=
ac_cv_env_CPP_value=
ac_cv_env_CXXCPP_set=
ac_cv_env_CXXCPP_value=
ac_cv_env_CXXFLAGS_set=
ac_cv_env_CXXFLAGS_value=
ac_cv_env_CXX_set=
ac_cv_env_CXX_value=
ac_cv_env_F77_set=
ac_cv_env_F77_value=
ac_cv_env_FFLAGS_set=
ac_cv_env_FFLAGS_value=
ac_cv_env_LDFLAGS_set=
ac_cv_env_LDFLAGS_value=
ac_cv_env_LIBS_set=
ac_cv_env_LIBS_value=
ac_cv_env_build_alias_set=
ac_cv_env_build_alias_value=
ac_cv_env_host_alias_set=
ac_cv_env_host_alias_value=
ac_cv_env_target_alias_set=
ac_cv_env_target_alias_value=
ac_cv_f77_compiler_gnu=no
ac_cv_func_lrand48=yes
ac_cv_func_srand48=yes
ac_cv_func_strdup=yes
ac_cv_header_dlfcn_h=yes
ac_cv_header_inttypes_h=yes
ac_cv_header_memory_h=yes
ac_cv_header_minix_config_h=no
ac_cv_header_stdc=yes
ac_cv_header_stdint_h=yes
ac_cv_header_stdlib_h=yes
ac_cv_header_string_h=yes
ac_cv_header_strings_h=yes
ac_cv_header_sys_stat_h=yes
ac_cv_header_sys_types_h=yes
ac_cv_header_unistd_h=yes
ac_cv_host=x86_64-unknown-linux-gnu
ac_cv_objext=o
ac_cv_path_EGREP='/usr/bin/grep -E'
ac_cv_path_GREP=/usr/bin/grep
ac_cv_path_install='/usr/bin/install -c'
ac_cv_prog_AWK=mawk
ac_cv_prog_CPP='gcc -E'
ac_cv_prog_CXXCPP='g++ -E'
ac_cv_prog_ac_ct_AR=ar
ac_cv_prog_ac_ct_CC=gcc
ac_cv_prog_ac_ct_CXX=g++
ac_cv_prog_ac_ct_RANLIB=ranlib
ac_cv_prog_ac_ct_STRIP=strip
ac_cv_prog_cc_c89=
ac_cv_prog_cc_g=yes
ac_cv_prog_cxx_g=yes
ac_cv_prog_f77_g=no
ac_cv_prog_make_make_set=yes
ac_cv_safe_to_define___extensions__=yes
ac_cv_sizeof_double=8
ac_cv_sizeof_int=4
ac_cv_sizeof_long=8
ac_cv_sizeof_void_p=8
am_cv_CC_dependencies_compiler_type=gcc3
am_cv_CXX_dependencies_compiler_type=gcc3
ax_cv_c_float_word_order_big=no
lt_cv_deplibs_check_method=pass_all
lt_cv_file_magic_cmd='$MAGIC_CMD'
lt_cv_file_magic_test_file=
lt_cv_ld_reload_flag=-r
lt_cv_objdir=.libs
lt_cv_path_LD=/usr/bin/ld
lt_cv_path_LDCXX=/usr/bin/ld
lt_cv_path_NM='/usr/bin/nm -B'
lt_cv_path_SED=/usr/bin/sed
lt_cv_prog_compiler_c_o=yes
lt_cv_prog_compiler_c_o_CXX=yes
lt_cv_prog_compiler_pic_works=yes
lt_cv_prog_compiler_pic_works_CXX=yes
lt_cv_prog_compiler_rtti_exceptions=no
lt_cv_prog_compiler_static_works=yes
lt_cv_prog_compiler_static_works_CXX=yes
lt_cv_prog_gnu_ld=yes
lt_cv_prog_gnu_ldcxx=yes
lt_cv_sys_global_symbol_pipe='sed -n -e '\''s/^.*[ 	]\([ABCDGIRSTW][ABCDGIRSTW]*\)[ 	][ 	]*\([_A-Za-z][_A-Za-z0-9]*\)$/\1 \2 \2/p'\'''
lt_cv_sys_global_symbol_to_c_name_address='sed -n -e '\''s/^: \([^ ]*\) $/  {\"\1\", (lt_ptr) 0},/p'\'' -e '\''s/^[BCDEGRST] \([^ ]*\) \([^ ]*\)$/  {"\2", (lt_ptr) \&\2},/p'\'''
lt_cv_sys_global_symbol_to_cdecl='sed -n -e '\''s/^. .* \(.*\)$/extern int \1;/p'\'''
lt_cv_sys_lib_dlsearch_path_spec='/lib /usr/lib /usr/local/lib /usr/local/lib/x86_64-linux-gnu /lib/x86_64-linux-gnu /usr/lib/x86_64-linux-gnu '
lt_cv_sys_lib_search_path_spec='/usr/lib/gcc/x86_64-linux-gnu/9 /usr/lib/x86_64-linux-gnu /usr/lib /lib/x86_64-linux-gnu /lib'
lt_cv_sys_max_cmd_len=1572864
lt_lt_cv_prog_compiler_c_o='"yes"'
lt_lt_cv_prog_compiler_c_o_CXX='"yes"'
lt_lt_cv_sys_global_symbol_pipe='"sed -n -e '\''s/^.*[ 	]\\([ABCDGIRSTW][ABCDGIRSTW]*\\)[ 	][ 	]*\\([_A-Za-z][_A-Za-z0-9]*\\)\$/\\1 \\2 \\2/p'\''"'
lt_lt_cv_sys_global_symbol_to_c_name_address='"sed -n -e '\''s/^: \\([^ ]*\\) \$/  {\\\"\\1\\\", (lt_ptr) 0},/p'\'' -e '\''s/^[BCDEGRST] \\([^ ]*\\) \\([^ ]*\\)\$/  {\"\\2\", (lt_ptr) \\&\\2},/p'\''"'
lt_lt_cv_sys_global_symbol_to_cdecl='"sed -n -e '\''s/^. .* \\(.*\\)\$/extern int \\1;/p'\''"'

## ----------------- ##
## Output variables. ##
## ----------------- ##

ACLOCAL='${SHELL} /repo/aterm/missing --run aclocal-1.9'
AMDEPBACKSLASH='\'
AMDEP_FALSE='#'
AMDEP_TRUE=''
AMTAR='${SHELL} /repo/aterm/missing --run tar'
AR='ar'
AS='as'
AUTOCONF='${SHELL} /repo/aterm/missing --run autoconf'
AUTOHEADER='${SHELL} /repo/aterm/missing --run autoheader'
AUTOMAKE='${SHELL} /repo/aterm/missing --run automake-1.9'
AWK='mawk'
CC='gcc'
CCDEPMODE='depmode=gcc3'
CFLAGS='-g -O2'
CPP='gcc -E'
CPPFLAGS=''
CURDATE='Fri Mar  5 14:30:39 UTC 2021'
CXX='g++'
CXXCPP='g++ -E'
CXXDEPMODE='depmode=gcc3'
CXXFLAGS='-g -O2'
CYGPATH_W='echo'
DEFS='-DPACKAGE_NAME=\"\" -DPACKAGE_TARNAME=\"\" -DPACKAGE_VERSION=\"\" -DPACKAGE_STRING=\"\" -DPACKAGE_BUGREPORT=\"\" -DPACKAGE=\"aterm\" -DVERSION=\"2.6\" -DSTDC_HEADERS=1 -DHAVE_SYS_TYPES_H=1 -DHAVE_SYS_STAT_H=1 -DHAVE_STDLIB_H=1 -DHAVE_STRING_H=1 -DHAVE_MEMORY_H=1 -DHAVE_STRINGS_H=1 -DHAVE_INTTYPES_H=1 -DHAVE_STDINT_H=1 -DHAVE_UNISTD_H=1 -DHAVE_DLFCN_H=1 -D__EXTENSIONS__=1 -D_ALL_SOURCE=1 -D_GNU_SOURCE=1 -D_POSIX_PTHREAD_SEMANTICS=1 -D_TANDEM_SOURCE=1 -DALIGNOF_VOID_P=8 -DSIZEOF_VOID_P=8 -DSIZEOF_INT=4 -DSIZEOF_LONG=8 -DSIZEOF_DOUBLE=8 -DHAVE_STRDUP=1 -DHAVE_LRAND48=1 -DHAVE_SRAND48=1 -DALIGNOF_VOID_P=8 -DSIZEOF_VOID_P=8 -DSIZEOF_INT=4 -DSIZEOF_LONG=8 -DSIZEOF_DOUBLE=8'
DEPDIR='.deps'
DISABLE_FALSE=''
DISABLE_TRUE='#'
DLLTOOL='dlltool'
DSYMUTIL=''
ECHO='echo'
ECHO_C=''
ECHO_N='-n'
ECHO_T=''
EGREP='/usr/bin/grep -E'
EXEEXT=''
EXTERNAL_INSTALLED_JARS=''
EXTERNAL_JARS=' '
F77=''
FFLAGS=''
GREP='/usr/bin/grep'
INSTALL_DATA='${INSTALL} -m 644'
INSTALL_PROGRAM='${INSTALL}'
INSTALL_SCRIPT='${INSTALL}'
INSTALL_STRIP_PROGRAM='${SHELL} $(install_sh) -c -s'
LDFLAGS=''
LIBOBJS=''
LIBS=''
LIBTOOL='$(SHELL) $(top_builddir)/libtool'
LN_S='ln -s'
LTLIBOBJS=''
MAINT='#'
MAINTAINER_MODE_FALSE=''
MAINTAINER_MODE_TRUE='#'
MAKEINFO='${SHELL} /repo/aterm/missing --run makeinfo'
NMEDIT=''
OBJDUMP='objdump'
OBJEXT='o'
PACKAGE='aterm'
PACKAGE_BUGREPORT=''
PACKAGE_NAME=''
PACKAGE_STRING=''
PACKAGE_TARNAME=''
PACKAGE_VERSION=''
PATH_SEPARATOR=':'
RANLIB='ranlib'
SED='/usr/bin/sed'
SET_MAKE=''
SHELL='/bin/bash'
STRIP='strip'
TOOLBUSFLAGS=' '
VERSION='2.6'
ac_ct_CC='gcc'
ac_ct_CXX='g++'
ac_ct_F77=''
am__fastdepCC_FALSE='#'
am__fastdepCC_TRUE=''
am__fastdepCXX_FALSE='#'
am__fastdepCXX_TRUE=''
am__include='include'
am__leading_dot='.'
am__quote=''
am__tar='${AMTAR} chof - "$$tardir"'
am__untar='${AMTAR} xf -'
bindir='${exec_prefix}/bin'
build='x86_64-unknown-linux-gnu'
build_alias=''
build_cpu='x86_64'
build_os='linux-gnu'
build_vendor='unknown'
datadir='${datarootdir}'
datarootdir='${prefix}/share'
docdir='${datarootdir}/doc/${PACKAGE}'
dvidir='${docdir}'
exec_prefix='${prefix}'
host='x86_64-unknown-linux-gnu'
host_alias=''
host_cpu='x86_64'
host_os='linux-gnu'
host_vendor='unknown'
htmldir='${docdir}'
includedir='${prefix}/include'
infodir='${datarootdir}/info'
install_sh='/repo/aterm/install-sh'
libdir='${exec_prefix}/lib'
libexecdir='${exec_prefix}/libexec'
localedir='${datarootdir}/locale'
localstatedir='${prefix}/var'
mandir='${datarootdir}/man'
mkdir_p='mkdir -p --'
oldincludedir='/usr/include'
pdfdir='${docdir}'
prefix='/usr/local'
program_transform_name='s,x,x,'
psdir='${docdir}'
sbindir='${exec_prefix}/sbin'
sharedstatedir='${prefix}/com'
sysconfdir='${prefix}/etc'
target_alias=''

## ----------- ##
## confdefs.h. ##
## ----------- ##

#define PACKAGE_NAME ""
#define PACKAGE_TARNAME ""
#define PACKAGE_VERSION ""
#define PACKAGE_STRING ""
#define PACKAGE_BUGREPORT ""
#define PACKAGE "aterm"
#define VERSION "2.6"
#define STDC_HEADERS 1
#define HAVE_SYS_TYPES_H 1
#define HAVE_SYS_STAT_H 1
#define HAVE_STDLIB_H 1
#define HAVE_STRING_H 1
#define HAVE_MEMORY_H 1
#define HAVE_STRINGS_H 1
#define HAVE_INTTYPES_H 1
#define HAVE_STDINT_H 1
#define HAVE_UNISTD_H 1
#define HAVE_DLFCN_H 1
#define __EXTENSIONS__ 1
#define _ALL_SOURCE 1
#define _GNU_SOURCE 1
#define _POSIX_PTHREAD_SEMANTICS 1
#define _TANDEM_SOURCE 1
#define ALIGNOF_VOID_P 8
#define SIZEOF_VOID_P 8
#define SIZEOF_INT 4
#define SIZEOF_LONG 8
#define SIZEOF_DOUBLE 8
#define HAVE_STRDUP 1
#define HAVE_LRAND48 1
#define HAVE_SRAND48 1
#define ALIGNOF_VOID_P 8
#define SIZEOF_VOID_P 8
#define SIZEOF_INT 4
#define SIZEOF_LONG 8
#define SIZEOF_DOUBLE 8

configure: exit 0
